[DEBUG] 2021-09-13 18:14:58,654 | /home/server-admin/Projects/Gopi/Training/apps/frappe/frappe/utils/scheduler.py:
Site: Learning
Access denied for site Learning
[DEBUG] 2021-09-13 18:14:59,495 | /home/server-admin/Projects/Gopi/Training/apps/frappe/frappe/utils/scheduler.py:
Site: management
Queued events for site management
[DEBUG] 2021-09-13 18:15:59,654 | /home/server-admin/Projects/Gopi/Training/apps/frappe/frappe/utils/scheduler.py:
Site: Learn
Access denied for site Learn
[DEBUG] 2021-09-13 18:15:59,657 | /home/server-admin/Projects/Gopi/Training/apps/frappe/frappe/utils/scheduler.py:
Site: Learning
Access denied for site Learning
[DEBUG] 2021-09-13 18:15:59,834 | /home/server-admin/Projects/Gopi/Training/apps/frappe/frappe/utils/scheduler.py:
Site: management
Queued events for site management
[DEBUG] 2021-09-13 18:16:59,921 | /home/server-admin/Projects/Gopi/Training/apps/frappe/frappe/utils/scheduler.py:
Site: Learn
Access denied for site Learn
[DEBUG] 2021-09-13 18:16:59,941 | /home/server-admin/Projects/Gopi/Training/apps/frappe/frappe/utils/scheduler.py:
Site: Learning
Access denied for site Learning
[DEBUG] 2021-09-13 18:17:00,098 | /home/server-admin/Projects/Gopi/Training/apps/frappe/frappe/utils/scheduler.py:
Site: management
Queued events for site management
[DEBUG] 2021-09-13 18:18:00,215 | /home/server-admin/Projects/Gopi/Training/apps/frappe/frappe/utils/scheduler.py:
Site: Learn
Access denied for site Learn
[DEBUG] 2021-09-13 18:18:00,312 | /home/server-admin/Projects/Gopi/Training/apps/frappe/frappe/utils/scheduler.py:
Site: Learning
Access denied for site Learning
[DEBUG] 2021-09-13 18:18:01,049 | /home/server-admin/Projects/Gopi/Training/apps/frappe/frappe/utils/scheduler.py:
Site: management
Queued events for site management
[DEBUG] 2021-09-13 18:19:01,258 | /home/server-admin/Projects/Gopi/Training/apps/frappe/frappe/utils/scheduler.py:
Site: Learn
Access denied for site Learn
[DEBUG] 2021-09-13 18:19:01,260 | /home/server-admin/Projects/Gopi/Training/apps/frappe/frappe/utils/scheduler.py:
Site: Learning
Access denied for site Learning
[DEBUG] 2021-09-13 18:19:02,533 | /home/server-admin/Projects/Gopi/Training/apps/frappe/frappe/utils/scheduler.py:
Site: management
Queued events for site management
